<?xml version="1.0" encoding="UTF-8"?>
<testng-results skipped="0" failed="0" ignored="0" total="1" passed="1">
  <reporter-output>
  </reporter-output>
  <suite name="Default suite" duration-ms="16166" started-at="2020-08-20T14:36:11Z" finished-at="2020-08-20T14:36:27Z">
    <groups>
    </groups>
    <test name="Default test" duration-ms="16166" started-at="2020-08-20T14:36:11Z" finished-at="2020-08-20T14:36:27Z">
      <class name="PageObject.PageObjectModel_1.NaukriTestCase">
        <test-method status="PASS" signature="setUp()[pri:0, instance:PageObject.PageObjectModel_1.NaukriTestCase@14acaea5]" name="setUp" is-config="true" duration-ms="8278" started-at="2020-08-20T14:36:11Z" finished-at="2020-08-20T14:36:19Z">
          <reporter-output>
          </reporter-output>
        </test-method> <!-- setUp -->
        <test-method status="PASS" signature="m1()[pri:0, instance:PageObject.PageObjectModel_1.NaukriTestCase@14acaea5]" name="m1" duration-ms="7857" started-at="2020-08-20T14:36:19Z" finished-at="2020-08-20T14:36:27Z">
          <reporter-output>
          </reporter-output>
        </test-method> <!-- m1 -->
      </class> <!-- PageObject.PageObjectModel_1.NaukriTestCase -->
    </test> <!-- Default test -->
  </suite> <!-- Default suite -->
</testng-results>
